0 info it worked if it ends with ok
1 verbose cli [
1 verbose cli   'C:\\Program Files\\nodejs\\node.exe',
1 verbose cli   'C:\\Program Files\\nodejs\\node_modules\\npm\\bin\\npm-cli.js',
1 verbose cli   'run',
1 verbose cli   'deploy'
1 verbose cli ]
2 info using npm@6.14.7
3 info using node@v14.8.0
4 verbose run-script [ 'predeploy', 'deploy', 'postdeploy' ]
5 info lifecycle imagequiz@0.1.0~predeploy: imagequiz@0.1.0
6 verbose lifecycle imagequiz@0.1.0~predeploy: unsafe-perm in lifecycle true
7 verbose lifecycle imagequiz@0.1.0~predeploy: PATH: C:\Program Files\nodejs\node_modules\npm\node_modules\npm-lifecycle\node-gyp-bin;C:\Users\Eujin\Desktop\2020FallSemester\ISTA330\imagequiz\node_modules\.bin;C:\Python38\Scripts\;C:\Python38\;C:\Program Files (x86)\Common Files\Oracle\Java\javapath;C:\WINDOWS\system32;C:\WINDOWS;C:\WINDOWS\System32\Wbem;C:\WINDOWS\System32\WindowsPowerShell\v1.0\;C:\WINDOWS\System32\OpenSSH\;C:\Program Files\NVIDIA Corporation\NVIDIA NvDLISR;C:\Program Files (x86)\NVIDIA Corporation\PhysX\Common;C:\Program Files\PuTTY\;C:\Program Files\Java\jdk-12.0.1\bin;C:\WINDOWS\system32;C:\WINDOWS;C:\WINDOWS\System32\Wbem;C:\WINDOWS\System32\WindowsPowerShell\v1.0\;C:\WINDOWS\System32\OpenSSH\;C:\ProgramData\chocolatey\bin;C:\Program Files\nodejs\;C:\Program Files\Git\cmd;C:\Program Files\Java\jdk1.8.0_221\bin;C:\Users\Eu Jin\AppData\Local\GitHubDesktop\bin;C:\Users\Eu Jin\AppData\Local\Programs\Microsoft VS Code\bin;c:\users\eu jin\appdata\local\programs\python\python38-32\lib\site-packages;C:\Users\Eu Jin\AppData\Local\Programs\Python\Python38-32\;C:\Users\Eu Jin\AppData\Local\Programs\Python\Python38-32\Scripts;C:\Users\Eujin\AppData\Local\Microsoft\WindowsApps;C:\Users\Eu Jin\AppData\Roaming\npm;C:\MinGW\bin;C:\Users\Eujin\AppData\Roaming\npm
8 verbose lifecycle imagequiz@0.1.0~predeploy: CWD: C:\Users\Eujin\Desktop\2020FallSemester\ISTA330\imagequiz
9 silly lifecycle imagequiz@0.1.0~predeploy: Args: [ '/d /s /c', 'npm run build' ]
10 silly lifecycle imagequiz@0.1.0~predeploy: Returned: code: 0  signal: null
11 info lifecycle imagequiz@0.1.0~deploy: imagequiz@0.1.0
12 verbose lifecycle imagequiz@0.1.0~deploy: unsafe-perm in lifecycle true
13 verbose lifecycle imagequiz@0.1.0~deploy: PATH: C:\Program Files\nodejs\node_modules\npm\node_modules\npm-lifecycle\node-gyp-bin;C:\Users\Eujin\Desktop\2020FallSemester\ISTA330\imagequiz\node_modules\.bin;C:\Python38\Scripts\;C:\Python38\;C:\Program Files (x86)\Common Files\Oracle\Java\javapath;C:\WINDOWS\system32;C:\WINDOWS;C:\WINDOWS\System32\Wbem;C:\WINDOWS\System32\WindowsPowerShell\v1.0\;C:\WINDOWS\System32\OpenSSH\;C:\Program Files\NVIDIA Corporation\NVIDIA NvDLISR;C:\Program Files (x86)\NVIDIA Corporation\PhysX\Common;C:\Program Files\PuTTY\;C:\Program Files\Java\jdk-12.0.1\bin;C:\WINDOWS\system32;C:\WINDOWS;C:\WINDOWS\System32\Wbem;C:\WINDOWS\System32\WindowsPowerShell\v1.0\;C:\WINDOWS\System32\OpenSSH\;C:\ProgramData\chocolatey\bin;C:\Program Files\nodejs\;C:\Program Files\Git\cmd;C:\Program Files\Java\jdk1.8.0_221\bin;C:\Users\Eu Jin\AppData\Local\GitHubDesktop\bin;C:\Users\Eu Jin\AppData\Local\Programs\Microsoft VS Code\bin;c:\users\eu jin\appdata\local\programs\python\python38-32\lib\site-packages;C:\Users\Eu Jin\AppData\Local\Programs\Python\Python38-32\;C:\Users\Eu Jin\AppData\Local\Programs\Python\Python38-32\Scripts;C:\Users\Eujin\AppData\Local\Microsoft\WindowsApps;C:\Users\Eu Jin\AppData\Roaming\npm;C:\MinGW\bin;C:\Users\Eujin\AppData\Roaming\npm
14 verbose lifecycle imagequiz@0.1.0~deploy: CWD: C:\Users\Eujin\Desktop\2020FallSemester\ISTA330\imagequiz
15 silly lifecycle imagequiz@0.1.0~deploy: Args: [ '/d /s /c', 'gh-pages -d build' ]
16 silly lifecycle imagequiz@0.1.0~deploy: Returned: code: 1  signal: null
17 info lifecycle imagequiz@0.1.0~deploy: Failed to exec deploy script
18 verbose stack Error: imagequiz@0.1.0 deploy: `gh-pages -d build`
18 verbose stack Exit status 1
18 verbose stack     at EventEmitter.<anonymous> (C:\Program Files\nodejs\node_modules\npm\node_modules\npm-lifecycle\index.js:332:16)
18 verbose stack     at EventEmitter.emit (events.js:314:20)
18 verbose stack     at ChildProcess.<anonymous> (C:\Program Files\nodejs\node_modules\npm\node_modules\npm-lifecycle\lib\spawn.js:55:14)
18 verbose stack     at ChildProcess.emit (events.js:314:20)
18 verbose stack     at maybeClose (internal/child_process.js:1051:16)
18 verbose stack     at Process.ChildProcess._handle.onexit (internal/child_process.js:287:5)
19 verbose pkgid imagequiz@0.1.0
20 verbose cwd C:\Users\Eujin\Desktop\2020FallSemester\ISTA330\imagequiz
21 verbose Windows_NT 10.0.18363
22 verbose argv "C:\\Program Files\\nodejs\\node.exe" "C:\\Program Files\\nodejs\\node_modules\\npm\\bin\\npm-cli.js" "run" "deploy"
23 verbose node v14.8.0
24 verbose npm  v6.14.7
25 error code ELIFECYCLE
26 error errno 1
27 error imagequiz@0.1.0 deploy: `gh-pages -d build`
27 error Exit status 1
28 error Failed at the imagequiz@0.1.0 deploy script.
28 error This is probably not a problem with npm. There is likely additional logging output above.
29 verbose exit [ 1, true ]
